<?xml version="1.0" encoding="UTF-8"?>
<!-- Generated by org.testng.reporters.JUnitXMLReporter -->
<testsuite hostname="PREETISH-PC" ignored="0" name="Test" tests="3" failures="0" timestamp="26 Sep 2021 10:11:11 GMT" time="45.429" errors="0">
  <testcase name="checkingLink" time="0.596" classname="pagestest.AdminLogintest"/>
  <testcase name="checkingLogo" time="0.332" classname="pagestest.AdminLogintest"/>
  <testcase name="logincredential" time="5.09" classname="pagestest.AdminLogintest"/>
</testsuite> <!-- Test -->
