<html xmlns:math="http://exslt.org/math" xmlns:testng="http://testng.org">
   <head>
      <title>TestNG Results</title>
      <meta http-equiv="content-type" content="text/html; charset=utf-8"></meta>
      <meta http-equiv="pragma" content="no-cache"></meta>
      <meta http-equiv="cache-control" content="max-age=0"></meta>
      <meta http-equiv="cache-control" content="no-cache"></meta>
      <meta http-equiv="cache-control" content="no-store"></meta>
      <LINK rel="stylesheet" href="style.css"></LINK>
      <script type="text/javascript" src="main.js"></script>
   </head>
   <body>
      <table width="100%" style="font-size: 16px; margin-bottom: 10px;" cellspacing="1">
         <tr>
            <td width="100%">
               Test case
               
               <b>Test</b>
            </td>
            <td style="background-color: #FFBBBB; padding: 3px 3px 3px 0;" align="center">
               <div style="width: 50px;">1</div>
            </td>
            <td style="background-color: lightgreen; padding: 3px 3px 3px 0;" align="center">
               <div style="width: 50px;">3</div>
            </td>
            <td style="background-color: #FFFFBB; padding: 3px 3px 3px 0;" align="center">
               <div style="width: 50px;">0</div>
            </td>
            <td align="center" style="background-color: #eaf0f7; padding: 3px 3px 3px 0;">
               <div style="width: 50px;">4</div>
            </td>
            <td align="center"
                style="font-weight: bold; background-color: #eaf0f7; padding: 3px 3px 3px 0;">
               <div style="width: 50px;">75%</div>
            </td>
            <td style="background-color: #eaf0f7; padding: 3px 3px 3px 0;" align="center"
                nowrap="true">1m
               21s
               
            </td>
         </tr>
      </table>
      <div style="width: 200px;">
         <label for="groupMethodsCheckBox" style="font-weight: bold; margin: 0;">
            <input id="groupMethodsCheckBox" type="checkbox" onclick="switchTestMethodsView(this)"
                   checked=""></input>
            Group by class
            
         </label>
         <br></br>
         <label for="methodsFilter_ALL" style="font-weight: bold; margin: 0;">
            <input id="methodsFilter_ALL" type="checkbox"
                   onclick="testMethodsFilterChanged(this, 'ALL')"
                   checked=""></input>
            All
            
         </label>
      </div>
      <label for="methodsFilter_FAIL" style="margin-left: 20px;">
         <input id="methodsFilter_FAIL" type="checkbox"
                onclick="testMethodsFilterChanged(this, 'FAIL')"
                checked=""></input>
         Failed
         
      </label>
      <label for="methodsFilter_PASS">
         <input id="methodsFilter_PASS" type="checkbox"
                onclick="testMethodsFilterChanged(this, 'PASS')"
                checked=""></input>
         Passed
         
      </label>
      <label for="methodsFilter_SKIP">
         <input id="methodsFilter_SKIP" type="checkbox"
                onclick="testMethodsFilterChanged(this, 'SKIP')"
                checked=""></input>
         Skipped
         
      </label>
      <label for="methodsFilter_CONF">
         <input id="methodsFilter_CONF" type="checkbox"
                onclick="testMethodsFilterChanged(this, 'CONF')"
                checked=""></input>
         Config
         
      </label>
      <br></br>
      <div id="testMethodsByStatus" style="display: none;">
         <table class="testMethodsTable" cellpadding="0" cellspacing="0">
            <tr class="methodsTableHeader">
               <td width="100%">Name</td>
               <td nowrap="true">Started</td>
               <td nowrap="true">Duration</td>
               <td>Exception</td>
            </tr>
            <tr id="pagestest.DataDrivenTest_testLogin_byStatus_failed_FAIL1_row"
                class="testMethodStatusFAIL">
               <td width="100%" class="firstMethodCell">
                  <a onclick="toggleDetailsVisibility('pagestest.DataDrivenTest_testLogin_byStatus_failed_FAIL1_details')">testLogin(mngr355204
                     
                     ,
                     
                     Udumaty)
                  </a>
               </td>
               <td nowrap="true">12:16:06</td>
               <td nowrap="true" align="right">2s
                  
               </td>
               <td nowrap="true">
                  <a onclick="toggleDetailsVisibility('pagestest.DataDrivenTest_testLogin_byStatus_failed_FAIL1_exception')">org.openqa.selenium.UnhandledAlertException: 
                     unexpected alert open: {Alert text : User or Password is not valid}
                     (Session info: chrome=93.0.4577.82): User or Password is not valid
                     Build info: version: '3.141.59', revision: 'e82be7d358', time: '2018-11-14T08:17:03'
                     System info: host: 'PREETISH-PC', ip: '192.168.1.100', os.name: 'Windows 7', os.arch: 'x86', os.version: '6.1', java.version:
                     '1.8.0_40'
                     Driver info: org.openqa.selenium.chrome.ChromeDriver
                     Capabilities {acceptInsecureCerts: false, browserName: chrome, browserVersion: 93.0.4577.82, chrome: {chromedriverVersion:
                     92.0.4515.107 (87a818b10553..., userDataDir: C:\Users\PREETISH\AppData\L...}, goog:chromeOptions: {debuggerAddress: localhost:58764},
                     javascriptEnabled: true, networkConnectionEnabled: false, pageLoadStrategy: normal, platform: WINDOWS, platformName: WINDOWS,
                     proxy: Proxy(), setWindowRect: true, strictFileInteractability: false, timeouts: {implicit: 0, pageLoad: 300000, script: 30000},
                     unhandledPromptBehavior: dismiss and notify, webauthn:extension:credBlob: true, webauthn:extension:largeBlob: true, webauthn:virtualAuthenticators:
                     true}
                     Session ID: 0d697cfb09a9efd478962265ca976be1
                     
                  </a>
                   
                  
               </td>
            </tr>
            <tr>
               <td colspan="4" class="detailsBox">
                  <div id="pagestest.DataDrivenTest_testLogin_byStatus_failed_FAIL1_details"
                       class="testMethodDetails">
                     <div>
                        <b>Name: </b>testLogin
                     </div>
                     <div>
                        <b>Signature: </b>testLogin(java.lang.String,java.lang.String)[pri:0, instance:pagestest.DataDrivenTest@18298f]
                     </div>
                     <div>
                        <b>Parameters: </b>
                        
                        mngr355204
                        
                        ,
                        
                        Udumaty
                        
                        
                     </div>
                     <div>
                        <b>Start time: </b>12:16:06
                     </div>
                     <div>
                        <b>End time: </b>12:16:08
                     </div>
                     <div>
                        <b>Duration: </b>2s
                        
                     </div>
                  </div>
               </td>
            </tr>
            <tr>
               <td colspan="4" class="detailsBox">
                  <div id="pagestest.DataDrivenTest_testLogin_byStatus_failed_FAIL1_exception"
                       class="testMethodDetails">
                     <pre style="padding: 5px; margin: 0;">org.openqa.selenium.UnhandledAlertException: unexpected alert open: {Alert text : User or Password is not valid}
                        (Session info: chrome=93.0.4577.82): User or Password is not valid
                        Build info: version: '3.141.59', revision: 'e82be7d358', time: '2018-11-14T08:17:03'
                        System info: host: 'PREETISH-PC', ip: '192.168.1.100', os.name: 'Windows 7', os.arch: 'x86', os.version: '6.1', java.version:
                        '1.8.0_40'
                        Driver info: org.openqa.selenium.chrome.ChromeDriver
                        Capabilities {acceptInsecureCerts: false, browserName: chrome, browserVersion: 93.0.4577.82, chrome: {chromedriverVersion:
                        92.0.4515.107 (87a818b10553..., userDataDir: C:\Users\PREETISH\AppData\L...}, goog:chromeOptions: {debuggerAddress: localhost:58764},
                        javascriptEnabled: true, networkConnectionEnabled: false, pageLoadStrategy: normal, platform: WINDOWS, platformName: WINDOWS,
                        proxy: Proxy(), setWindowRect: true, strictFileInteractability: false, timeouts: {implicit: 0, pageLoad: 300000, script: 30000},
                        unhandledPromptBehavior: dismiss and notify, webauthn:extension:credBlob: true, webauthn:extension:largeBlob: true, webauthn:virtualAuthenticators:
                        true}
                        Session ID: 0d697cfb09a9efd478962265ca976be1
                        at org.openqa.selenium.remote.http.W3CHttpResponseCodec.decode(W3CHttpResponseCodec.java:120)
                        at org.openqa.selenium.remote.http.W3CHttpResponseCodec.decode(W3CHttpResponseCodec.java:49)
                        at org.openqa.selenium.remote.HttpCommandExecutor.execute(HttpCommandExecutor.java:158)
                        at org.openqa.selenium.remote.service.DriverCommandExecutor.execute(DriverCommandExecutor.java:83)
                        at org.openqa.selenium.remote.RemoteWebDriver.execute(RemoteWebDriver.java:552)
                        at org.openqa.selenium.remote.RemoteWebDriver.execute(RemoteWebDriver.java:609)
                        at org.openqa.selenium.remote.RemoteWebDriver.getScreenshotAs(RemoteWebDriver.java:295)
                        at sun.reflect.NativeMethodAccessorImpl.invoke0(Native Method)
                        at sun.reflect.NativeMethodAccessorImpl.invoke(NativeMethodAccessorImpl.java:62)
                        at sun.reflect.DelegatingMethodAccessorImpl.invoke(DelegatingMethodAccessorImpl.java:43)
                        at java.lang.reflect.Method.invoke(Method.java:497)
                        at org.openqa.selenium.support.events.EventFiringWebDriver.lambda$new$1(EventFiringWebDriver.java:105)
                        at org.openqa.selenium.support.events.EventFiringWebDriver$$Lambda$424/8207430.invoke(Unknown Source)
                        at com.sun.proxy.$Proxy8.getScreenshotAs(Unknown Source)
                        at org.openqa.selenium.support.events.EventFiringWebDriver.getScreenshotAs(EventFiringWebDriver.java:302)
                        at utility.TestUtil.takeScreenShot(TestUtil.java:33)
                        at pagestest.DataDrivenTest.testLogin(DataDrivenTest.java:48)
                        at sun.reflect.NativeMethodAccessorImpl.invoke0(Native Method)
                        at sun.reflect.NativeMethodAccessorImpl.invoke(NativeMethodAccessorImpl.java:62)
                        at sun.reflect.DelegatingMethodAccessorImpl.invoke(DelegatingMethodAccessorImpl.java:43)
                        at java.lang.reflect.Method.invoke(Method.java:497)
                        at org.testng.internal.MethodInvocationHelper.invokeMethod(MethodInvocationHelper.java:133)
                        at org.testng.internal.TestInvoker.invokeMethod(TestInvoker.java:598)
                        at org.testng.internal.TestInvoker.invokeTestMethod(TestInvoker.java:173)
                        at org.testng.internal.MethodRunner.runInSequence(MethodRunner.java:46)
                        at org.testng.internal.TestInvoker$MethodInvocationAgent.invoke(TestInvoker.java:824)
                        at org.testng.internal.TestInvoker.invokeTestMethods(TestInvoker.java:146)
                        at org.testng.internal.TestMethodWorker.invokeTestMethods(TestMethodWorker.java:146)
                        at org.testng.internal.TestMethodWorker.run(TestMethodWorker.java:128)
                        at org.testng.TestRunner$$Lambda$103/13500464.accept(Unknown Source)
                        at java.util.ArrayList.forEach(ArrayList.java:1249)
                        at org.testng.TestRunner.privateRun(TestRunner.java:794)
                        at org.testng.TestRunner.run(TestRunner.java:596)
                        at org.testng.SuiteRunner.runTest(SuiteRunner.java:377)
                        at org.testng.SuiteRunner.runSequentially(SuiteRunner.java:371)
                        at org.testng.SuiteRunner.privateRun(SuiteRunner.java:332)
                        at org.testng.SuiteRunner.run(SuiteRunner.java:276)
                        at org.testng.SuiteRunnerWorker.runSuite(SuiteRunnerWorker.java:53)
                        at org.testng.SuiteRunnerWorker.run(SuiteRunnerWorker.java:96)
                        at org.testng.TestNG.runSuitesSequentially(TestNG.java:1212)
                        at org.testng.TestNG.runSuitesLocally(TestNG.java:1134)
                        at org.testng.TestNG.runSuites(TestNG.java:1063)
                        at org.testng.TestNG.run(TestNG.java:1031)
                        at org.testng.remote.AbstractRemoteTestNG.run(AbstractRemoteTestNG.java:115)
                        at org.testng.remote.RemoteTestNG.initAndRun(RemoteTestNG.java:251)
                        at org.testng.remote.RemoteTestNG.main(RemoteTestNG.java:77)
                     </pre>
                  </div>
               </td>
            </tr>
            <tr id="pagestest.DataDrivenTest_browserSetup_byStatus_passed_PASS1_row"
                class="testMethodStatusPASS testMethodStatusCONF">
               <td width="100%" class="firstMethodCell">
                  <a onclick="toggleDetailsVisibility('pagestest.DataDrivenTest_browserSetup_byStatus_passed_PASS1_details')">browserSetup()</a>
               </td>
               <td nowrap="true">12:14:50</td>
               <td nowrap="true" align="right">12s
                  
               </td>
               <td nowrap="true">
                   
                  
               </td>
            </tr>
            <tr>
               <td colspan="4" class="detailsBox">
                  <div id="pagestest.DataDrivenTest_browserSetup_byStatus_passed_PASS1_details"
                       class="testMethodDetails">
                     <div>
                        <b>Name: </b>browserSetup
                     </div>
                     <div>
                        <b>Signature: </b>browserSetup()[pri:0, instance:pagestest.DataDrivenTest@18298f]
                     </div>
                     <div>
                        <b>Start time: </b>12:14:50
                     </div>
                     <div>
                        <b>End time: </b>12:15:02
                     </div>
                     <div>
                        <b>Duration: </b>12s
                        
                     </div>
                  </div>
               </td>
            </tr>
            <tr></tr>
            <tr id="pagestest.DataDrivenTest_testLogin_byStatus_passed_PASS2_row"
                class="testMethodStatusPASS">
               <td width="100%" class="firstMethodCell">
                  <a onclick="toggleDetailsVisibility('pagestest.DataDrivenTest_testLogin_byStatus_passed_PASS2_details')">testLogin(mngr355203
                     
                     ,
                     
                     Udumaty)
                  </a>
               </td>
               <td nowrap="true">12:15:02</td>
               <td nowrap="true" align="right">8s
                  
               </td>
               <td nowrap="true">
                   
                  
               </td>
            </tr>
            <tr>
               <td colspan="4" class="detailsBox">
                  <div id="pagestest.DataDrivenTest_testLogin_byStatus_passed_PASS2_details"
                       class="testMethodDetails">
                     <div>
                        <b>Name: </b>testLogin
                     </div>
                     <div>
                        <b>Signature: </b>testLogin(java.lang.String,java.lang.String)[pri:0, instance:pagestest.DataDrivenTest@18298f]
                     </div>
                     <div>
                        <b>Parameters: </b>
                        
                        mngr355203
                        
                        ,
                        
                        Udumaty
                        
                        
                     </div>
                     <div>
                        <b>Start time: </b>12:15:02
                     </div>
                     <div>
                        <b>End time: </b>12:15:11
                     </div>
                     <div>
                        <b>Duration: </b>8s
                        
                     </div>
                  </div>
               </td>
            </tr>
            <tr></tr>
            <tr id="pagestest.DataDrivenTest_closeBrowser_byStatus_passed_PASS3_row"
                class="testMethodStatusPASS testMethodStatusCONF">
               <td width="100%" class="firstMethodCell">
                  <a onclick="toggleDetailsVisibility('pagestest.DataDrivenTest_closeBrowser_byStatus_passed_PASS3_details')">closeBrowser()</a>
               </td>
               <td nowrap="true">12:15:11</td>
               <td nowrap="true" align="right">2s
                  
               </td>
               <td nowrap="true">
                   
                  
               </td>
            </tr>
            <tr>
               <td colspan="4" class="detailsBox">
                  <div id="pagestest.DataDrivenTest_closeBrowser_byStatus_passed_PASS3_details"
                       class="testMethodDetails">
                     <div>
                        <b>Name: </b>closeBrowser
                     </div>
                     <div>
                        <b>Signature: </b>closeBrowser()[pri:0, instance:pagestest.DataDrivenTest@18298f]
                     </div>
                     <div>
                        <b>Start time: </b>12:15:11
                     </div>
                     <div>
                        <b>End time: </b>12:15:13
                     </div>
                     <div>
                        <b>Duration: </b>2s
                        
                     </div>
                  </div>
               </td>
            </tr>
            <tr></tr>
            <tr id="pagestest.DataDrivenTest_browserSetup_byStatus_passed_PASS4_row"
                class="testMethodStatusPASS testMethodStatusCONF">
               <td width="100%" class="firstMethodCell">
                  <a onclick="toggleDetailsVisibility('pagestest.DataDrivenTest_browserSetup_byStatus_passed_PASS4_details')">browserSetup()</a>
               </td>
               <td nowrap="true">12:15:13</td>
               <td nowrap="true" align="right">11s
                  
               </td>
               <td nowrap="true">
                   
                  
               </td>
            </tr>
            <tr>
               <td colspan="4" class="detailsBox">
                  <div id="pagestest.DataDrivenTest_browserSetup_byStatus_passed_PASS4_details"
                       class="testMethodDetails">
                     <div>
                        <b>Name: </b>browserSetup
                     </div>
                     <div>
                        <b>Signature: </b>browserSetup()[pri:0, instance:pagestest.DataDrivenTest@18298f]
                     </div>
                     <div>
                        <b>Start time: </b>12:15:13
                     </div>
                     <div>
                        <b>End time: </b>12:15:25
                     </div>
                     <div>
                        <b>Duration: </b>11s
                        
                     </div>
                  </div>
               </td>
            </tr>
            <tr></tr>
            <tr id="pagestest.DataDrivenTest_testLogin_byStatus_passed_PASS5_row"
                class="testMethodStatusPASS">
               <td width="100%" class="firstMethodCell">
                  <a onclick="toggleDetailsVisibility('pagestest.DataDrivenTest_testLogin_byStatus_passed_PASS5_details')">testLogin(mngr355203
                     
                     ,
                     
                     Udumaty)
                  </a>
               </td>
               <td nowrap="true">12:15:25</td>
               <td nowrap="true" align="right">8s
                  
               </td>
               <td nowrap="true">
                   
                  
               </td>
            </tr>
            <tr>
               <td colspan="4" class="detailsBox">
                  <div id="pagestest.DataDrivenTest_testLogin_byStatus_passed_PASS5_details"
                       class="testMethodDetails">
                     <div>
                        <b>Name: </b>testLogin
                     </div>
                     <div>
                        <b>Signature: </b>testLogin(java.lang.String,java.lang.String)[pri:0, instance:pagestest.DataDrivenTest@18298f]
                     </div>
                     <div>
                        <b>Parameters: </b>
                        
                        mngr355203
                        
                        ,
                        
                        Udumaty
                        
                        
                     </div>
                     <div>
                        <b>Start time: </b>12:15:25
                     </div>
                     <div>
                        <b>End time: </b>12:15:33
                     </div>
                     <div>
                        <b>Duration: </b>8s
                        
                     </div>
                  </div>
               </td>
            </tr>
            <tr></tr>
            <tr id="pagestest.DataDrivenTest_closeBrowser_byStatus_passed_PASS6_row"
                class="testMethodStatusPASS testMethodStatusCONF">
               <td width="100%" class="firstMethodCell">
                  <a onclick="toggleDetailsVisibility('pagestest.DataDrivenTest_closeBrowser_byStatus_passed_PASS6_details')">closeBrowser()</a>
               </td>
               <td nowrap="true">12:15:33</td>
               <td nowrap="true" align="right">327 ms
                  
               </td>
               <td nowrap="true">
                   
                  
               </td>
            </tr>
            <tr>
               <td colspan="4" class="detailsBox">
                  <div id="pagestest.DataDrivenTest_closeBrowser_byStatus_passed_PASS6_details"
                       class="testMethodDetails">
                     <div>
                        <b>Name: </b>closeBrowser
                     </div>
                     <div>
                        <b>Signature: </b>closeBrowser()[pri:0, instance:pagestest.DataDrivenTest@18298f]
                     </div>
                     <div>
                        <b>Start time: </b>12:15:33
                     </div>
                     <div>
                        <b>End time: </b>12:15:34
                     </div>
                     <div>
                        <b>Duration: </b>327 ms
                        
                     </div>
                  </div>
               </td>
            </tr>
            <tr></tr>
            <tr id="pagestest.DataDrivenTest_browserSetup_byStatus_passed_PASS7_row"
                class="testMethodStatusPASS testMethodStatusCONF">
               <td width="100%" class="firstMethodCell">
                  <a onclick="toggleDetailsVisibility('pagestest.DataDrivenTest_browserSetup_byStatus_passed_PASS7_details')">browserSetup()</a>
               </td>
               <td nowrap="true">12:15:34</td>
               <td nowrap="true" align="right">11s
                  
               </td>
               <td nowrap="true">
                   
                  
               </td>
            </tr>
            <tr>
               <td colspan="4" class="detailsBox">
                  <div id="pagestest.DataDrivenTest_browserSetup_byStatus_passed_PASS7_details"
                       class="testMethodDetails">
                     <div>
                        <b>Name: </b>browserSetup
                     </div>
                     <div>
                        <b>Signature: </b>browserSetup()[pri:0, instance:pagestest.DataDrivenTest@18298f]
                     </div>
                     <div>
                        <b>Start time: </b>12:15:34
                     </div>
                     <div>
                        <b>End time: </b>12:15:45
                     </div>
                     <div>
                        <b>Duration: </b>11s
                        
                     </div>
                  </div>
               </td>
            </tr>
            <tr></tr>
            <tr id="pagestest.DataDrivenTest_testLogin_byStatus_passed_PASS8_row"
                class="testMethodStatusPASS">
               <td width="100%" class="firstMethodCell">
                  <a onclick="toggleDetailsVisibility('pagestest.DataDrivenTest_testLogin_byStatus_passed_PASS8_details')">testLogin(mngr355203
                     
                     ,
                     
                     Udumaty)
                  </a>
               </td>
               <td nowrap="true">12:15:45</td>
               <td nowrap="true" align="right">9s
                  
               </td>
               <td nowrap="true">
                   
                  
               </td>
            </tr>
            <tr>
               <td colspan="4" class="detailsBox">
                  <div id="pagestest.DataDrivenTest_testLogin_byStatus_passed_PASS8_details"
                       class="testMethodDetails">
                     <div>
                        <b>Name: </b>testLogin
                     </div>
                     <div>
                        <b>Signature: </b>testLogin(java.lang.String,java.lang.String)[pri:0, instance:pagestest.DataDrivenTest@18298f]
                     </div>
                     <div>
                        <b>Parameters: </b>
                        
                        mngr355203
                        
                        ,
                        
                        Udumaty
                        
                        
                     </div>
                     <div>
                        <b>Start time: </b>12:15:45
                     </div>
                     <div>
                        <b>End time: </b>12:15:54
                     </div>
                     <div>
                        <b>Duration: </b>9s
                        
                     </div>
                  </div>
               </td>
            </tr>
            <tr></tr>
            <tr id="pagestest.DataDrivenTest_closeBrowser_byStatus_passed_PASS9_row"
                class="testMethodStatusPASS testMethodStatusCONF">
               <td width="100%" class="firstMethodCell">
                  <a onclick="toggleDetailsVisibility('pagestest.DataDrivenTest_closeBrowser_byStatus_passed_PASS9_details')">closeBrowser()</a>
               </td>
               <td nowrap="true">12:15:54</td>
               <td nowrap="true" align="right">660 ms
                  
               </td>
               <td nowrap="true">
                   
                  
               </td>
            </tr>
            <tr>
               <td colspan="4" class="detailsBox">
                  <div id="pagestest.DataDrivenTest_closeBrowser_byStatus_passed_PASS9_details"
                       class="testMethodDetails">
                     <div>
                        <b>Name: </b>closeBrowser
                     </div>
                     <div>
                        <b>Signature: </b>closeBrowser()[pri:0, instance:pagestest.DataDrivenTest@18298f]
                     </div>
                     <div>
                        <b>Start time: </b>12:15:54
                     </div>
                     <div>
                        <b>End time: </b>12:15:54
                     </div>
                     <div>
                        <b>Duration: </b>660 ms
                        
                     </div>
                  </div>
               </td>
            </tr>
            <tr></tr>
            <tr id="pagestest.DataDrivenTest_browserSetup_byStatus_passed_PASS10_row"
                class="testMethodStatusPASS testMethodStatusCONF">
               <td width="100%" class="firstMethodCell">
                  <a onclick="toggleDetailsVisibility('pagestest.DataDrivenTest_browserSetup_byStatus_passed_PASS10_details')">browserSetup()</a>
               </td>
               <td nowrap="true">12:15:54</td>
               <td nowrap="true" align="right">11s
                  
               </td>
               <td nowrap="true">
                   
                  
               </td>
            </tr>
            <tr>
               <td colspan="4" class="detailsBox">
                  <div id="pagestest.DataDrivenTest_browserSetup_byStatus_passed_PASS10_details"
                       class="testMethodDetails">
                     <div>
                        <b>Name: </b>browserSetup
                     </div>
                     <div>
                        <b>Signature: </b>browserSetup()[pri:0, instance:pagestest.DataDrivenTest@18298f]
                     </div>
                     <div>
                        <b>Start time: </b>12:15:54
                     </div>
                     <div>
                        <b>End time: </b>12:16:06
                     </div>
                     <div>
                        <b>Duration: </b>11s
                        
                     </div>
                  </div>
               </td>
            </tr>
            <tr></tr>
            <tr id="pagestest.DataDrivenTest_closeBrowser_byStatus_passed_PASS11_row"
                class="testMethodStatusPASS testMethodStatusCONF">
               <td width="100%" class="firstMethodCell">
                  <a onclick="toggleDetailsVisibility('pagestest.DataDrivenTest_closeBrowser_byStatus_passed_PASS11_details')">closeBrowser()</a>
               </td>
               <td nowrap="true">12:16:08</td>
               <td nowrap="true" align="right">2s
                  
               </td>
               <td nowrap="true">
                   
                  
               </td>
            </tr>
            <tr>
               <td colspan="4" class="detailsBox">
                  <div id="pagestest.DataDrivenTest_closeBrowser_byStatus_passed_PASS11_details"
                       class="testMethodDetails">
                     <div>
                        <b>Name: </b>closeBrowser
                     </div>
                     <div>
                        <b>Signature: </b>closeBrowser()[pri:0, instance:pagestest.DataDrivenTest@18298f]
                     </div>
                     <div>
                        <b>Start time: </b>12:16:08
                     </div>
                     <div>
                        <b>End time: </b>12:16:10
                     </div>
                     <div>
                        <b>Duration: </b>2s
                        
                     </div>
                  </div>
               </td>
            </tr>
            <tr></tr>
         </table>
      </div>
      <div id="testMethodsByClass">
         <table class="testMethodsTable" cellpadding="0" cellspacing="0">
            <tr>
               <td colspan="4">
                  <h3 style="display: inline;">pagestest.DataDrivenTest</h3>
               </td>
            </tr>
            <tr class="methodsTableHeader">
               <td width="100%">Name</td>
               <td nowrap="true">Started</td>
               <td nowrap="true">Duration</td>
               <td>Exception</td>
            </tr>
            <tr id="pagestest.DataDrivenTest_browserSetup_byClass_PASS1_row"
                class="testMethodStatusPASS testMethodStatusCONF">
               <td width="100%" class="firstMethodCell">
                  <a onclick="toggleDetailsVisibility('pagestest.DataDrivenTest_browserSetup_byClass_PASS1_details')">browserSetup()</a>
               </td>
               <td nowrap="true">12:14:50</td>
               <td nowrap="true" align="right">12s
                  
               </td>
               <td nowrap="true">
                   
                  
               </td>
            </tr>
            <tr>
               <td colspan="4" class="detailsBox">
                  <div id="pagestest.DataDrivenTest_browserSetup_byClass_PASS1_details"
                       class="testMethodDetails">
                     <div>
                        <b>Name: </b>browserSetup
                     </div>
                     <div>
                        <b>Signature: </b>browserSetup()[pri:0, instance:pagestest.DataDrivenTest@18298f]
                     </div>
                     <div>
                        <b>Start time: </b>12:14:50
                     </div>
                     <div>
                        <b>End time: </b>12:15:02
                     </div>
                     <div>
                        <b>Duration: </b>12s
                        
                     </div>
                  </div>
               </td>
            </tr>
            <tr></tr>
            <tr id="pagestest.DataDrivenTest_testLogin_byClass_PASS2_row"
                class="testMethodStatusPASS">
               <td width="100%" class="firstMethodCell">
                  <a onclick="toggleDetailsVisibility('pagestest.DataDrivenTest_testLogin_byClass_PASS2_details')">testLogin(mngr355203
                     
                     ,
                     
                     Udumaty)
                  </a>
               </td>
               <td nowrap="true">12:15:02</td>
               <td nowrap="true" align="right">8s
                  
               </td>
               <td nowrap="true">
                   
                  
               </td>
            </tr>
            <tr>
               <td colspan="4" class="detailsBox">
                  <div id="pagestest.DataDrivenTest_testLogin_byClass_PASS2_details"
                       class="testMethodDetails">
                     <div>
                        <b>Name: </b>testLogin
                     </div>
                     <div>
                        <b>Signature: </b>testLogin(java.lang.String,java.lang.String)[pri:0, instance:pagestest.DataDrivenTest@18298f]
                     </div>
                     <div>
                        <b>Parameters: </b>
                        
                        mngr355203
                        
                        ,
                        
                        Udumaty
                        
                        
                     </div>
                     <div>
                        <b>Start time: </b>12:15:02
                     </div>
                     <div>
                        <b>End time: </b>12:15:11
                     </div>
                     <div>
                        <b>Duration: </b>8s
                        
                     </div>
                  </div>
               </td>
            </tr>
            <tr></tr>
            <tr id="pagestest.DataDrivenTest_closeBrowser_byClass_PASS3_row"
                class="testMethodStatusPASS testMethodStatusCONF">
               <td width="100%" class="firstMethodCell">
                  <a onclick="toggleDetailsVisibility('pagestest.DataDrivenTest_closeBrowser_byClass_PASS3_details')">closeBrowser()</a>
               </td>
               <td nowrap="true">12:15:11</td>
               <td nowrap="true" align="right">2s
                  
               </td>
               <td nowrap="true">
                   
                  
               </td>
            </tr>
            <tr>
               <td colspan="4" class="detailsBox">
                  <div id="pagestest.DataDrivenTest_closeBrowser_byClass_PASS3_details"
                       class="testMethodDetails">
                     <div>
                        <b>Name: </b>closeBrowser
                     </div>
                     <div>
                        <b>Signature: </b>closeBrowser()[pri:0, instance:pagestest.DataDrivenTest@18298f]
                     </div>
                     <div>
                        <b>Start time: </b>12:15:11
                     </div>
                     <div>
                        <b>End time: </b>12:15:13
                     </div>
                     <div>
                        <b>Duration: </b>2s
                        
                     </div>
                  </div>
               </td>
            </tr>
            <tr></tr>
            <tr id="pagestest.DataDrivenTest_browserSetup_byClass_PASS4_row"
                class="testMethodStatusPASS testMethodStatusCONF">
               <td width="100%" class="firstMethodCell">
                  <a onclick="toggleDetailsVisibility('pagestest.DataDrivenTest_browserSetup_byClass_PASS4_details')">browserSetup()</a>
               </td>
               <td nowrap="true">12:15:13</td>
               <td nowrap="true" align="right">11s
                  
               </td>
               <td nowrap="true">
                   
                  
               </td>
            </tr>
            <tr>
               <td colspan="4" class="detailsBox">
                  <div id="pagestest.DataDrivenTest_browserSetup_byClass_PASS4_details"
                       class="testMethodDetails">
                     <div>
                        <b>Name: </b>browserSetup
                     </div>
                     <div>
                        <b>Signature: </b>browserSetup()[pri:0, instance:pagestest.DataDrivenTest@18298f]
                     </div>
                     <div>
                        <b>Start time: </b>12:15:13
                     </div>
                     <div>
                        <b>End time: </b>12:15:25
                     </div>
                     <div>
                        <b>Duration: </b>11s
                        
                     </div>
                  </div>
               </td>
            </tr>
            <tr></tr>
            <tr id="pagestest.DataDrivenTest_testLogin_byClass_PASS5_row"
                class="testMethodStatusPASS">
               <td width="100%" class="firstMethodCell">
                  <a onclick="toggleDetailsVisibility('pagestest.DataDrivenTest_testLogin_byClass_PASS5_details')">testLogin(mngr355203
                     
                     ,
                     
                     Udumaty)
                  </a>
               </td>
               <td nowrap="true">12:15:25</td>
               <td nowrap="true" align="right">8s
                  
               </td>
               <td nowrap="true">
                   
                  
               </td>
            </tr>
            <tr>
               <td colspan="4" class="detailsBox">
                  <div id="pagestest.DataDrivenTest_testLogin_byClass_PASS5_details"
                       class="testMethodDetails">
                     <div>
                        <b>Name: </b>testLogin
                     </div>
                     <div>
                        <b>Signature: </b>testLogin(java.lang.String,java.lang.String)[pri:0, instance:pagestest.DataDrivenTest@18298f]
                     </div>
                     <div>
                        <b>Parameters: </b>
                        
                        mngr355203
                        
                        ,
                        
                        Udumaty
                        
                        
                     </div>
                     <div>
                        <b>Start time: </b>12:15:25
                     </div>
                     <div>
                        <b>End time: </b>12:15:33
                     </div>
                     <div>
                        <b>Duration: </b>8s
                        
                     </div>
                  </div>
               </td>
            </tr>
            <tr></tr>
            <tr id="pagestest.DataDrivenTest_closeBrowser_byClass_PASS6_row"
                class="testMethodStatusPASS testMethodStatusCONF">
               <td width="100%" class="firstMethodCell">
                  <a onclick="toggleDetailsVisibility('pagestest.DataDrivenTest_closeBrowser_byClass_PASS6_details')">closeBrowser()</a>
               </td>
               <td nowrap="true">12:15:33</td>
               <td nowrap="true" align="right">327 ms
                  
               </td>
               <td nowrap="true">
                   
                  
               </td>
            </tr>
            <tr>
               <td colspan="4" class="detailsBox">
                  <div id="pagestest.DataDrivenTest_closeBrowser_byClass_PASS6_details"
                       class="testMethodDetails">
                     <div>
                        <b>Name: </b>closeBrowser
                     </div>
                     <div>
                        <b>Signature: </b>closeBrowser()[pri:0, instance:pagestest.DataDrivenTest@18298f]
                     </div>
                     <div>
                        <b>Start time: </b>12:15:33
                     </div>
                     <div>
                        <b>End time: </b>12:15:34
                     </div>
                     <div>
                        <b>Duration: </b>327 ms
                        
                     </div>
                  </div>
               </td>
            </tr>
            <tr></tr>
            <tr id="pagestest.DataDrivenTest_browserSetup_byClass_PASS7_row"
                class="testMethodStatusPASS testMethodStatusCONF">
               <td width="100%" class="firstMethodCell">
                  <a onclick="toggleDetailsVisibility('pagestest.DataDrivenTest_browserSetup_byClass_PASS7_details')">browserSetup()</a>
               </td>
               <td nowrap="true">12:15:34</td>
               <td nowrap="true" align="right">11s
                  
               </td>
               <td nowrap="true">
                   
                  
               </td>
            </tr>
            <tr>
               <td colspan="4" class="detailsBox">
                  <div id="pagestest.DataDrivenTest_browserSetup_byClass_PASS7_details"
                       class="testMethodDetails">
                     <div>
                        <b>Name: </b>browserSetup
                     </div>
                     <div>
                        <b>Signature: </b>browserSetup()[pri:0, instance:pagestest.DataDrivenTest@18298f]
                     </div>
                     <div>
                        <b>Start time: </b>12:15:34
                     </div>
                     <div>
                        <b>End time: </b>12:15:45
                     </div>
                     <div>
                        <b>Duration: </b>11s
                        
                     </div>
                  </div>
               </td>
            </tr>
            <tr></tr>
            <tr id="pagestest.DataDrivenTest_testLogin_byClass_PASS8_row"
                class="testMethodStatusPASS">
               <td width="100%" class="firstMethodCell">
                  <a onclick="toggleDetailsVisibility('pagestest.DataDrivenTest_testLogin_byClass_PASS8_details')">testLogin(mngr355203
                     
                     ,
                     
                     Udumaty)
                  </a>
               </td>
               <td nowrap="true">12:15:45</td>
               <td nowrap="true" align="right">9s
                  
               </td>
               <td nowrap="true">
                   
                  
               </td>
            </tr>
            <tr>
               <td colspan="4" class="detailsBox">
                  <div id="pagestest.DataDrivenTest_testLogin_byClass_PASS8_details"
                       class="testMethodDetails">
                     <div>
                        <b>Name: </b>testLogin
                     </div>
                     <div>
                        <b>Signature: </b>testLogin(java.lang.String,java.lang.String)[pri:0, instance:pagestest.DataDrivenTest@18298f]
                     </div>
                     <div>
                        <b>Parameters: </b>
                        
                        mngr355203
                        
                        ,
                        
                        Udumaty
                        
                        
                     </div>
                     <div>
                        <b>Start time: </b>12:15:45
                     </div>
                     <div>
                        <b>End time: </b>12:15:54
                     </div>
                     <div>
                        <b>Duration: </b>9s
                        
                     </div>
                  </div>
               </td>
            </tr>
            <tr></tr>
            <tr id="pagestest.DataDrivenTest_closeBrowser_byClass_PASS9_row"
                class="testMethodStatusPASS testMethodStatusCONF">
               <td width="100%" class="firstMethodCell">
                  <a onclick="toggleDetailsVisibility('pagestest.DataDrivenTest_closeBrowser_byClass_PASS9_details')">closeBrowser()</a>
               </td>
               <td nowrap="true">12:15:54</td>
               <td nowrap="true" align="right">660 ms
                  
               </td>
               <td nowrap="true">
                   
                  
               </td>
            </tr>
            <tr>
               <td colspan="4" class="detailsBox">
                  <div id="pagestest.DataDrivenTest_closeBrowser_byClass_PASS9_details"
                       class="testMethodDetails">
                     <div>
                        <b>Name: </b>closeBrowser
                     </div>
                     <div>
                        <b>Signature: </b>closeBrowser()[pri:0, instance:pagestest.DataDrivenTest@18298f]
                     </div>
                     <div>
                        <b>Start time: </b>12:15:54
                     </div>
                     <div>
                        <b>End time: </b>12:15:54
                     </div>
                     <div>
                        <b>Duration: </b>660 ms
                        
                     </div>
                  </div>
               </td>
            </tr>
            <tr></tr>
            <tr id="pagestest.DataDrivenTest_browserSetup_byClass_PASS10_row"
                class="testMethodStatusPASS testMethodStatusCONF">
               <td width="100%" class="firstMethodCell">
                  <a onclick="toggleDetailsVisibility('pagestest.DataDrivenTest_browserSetup_byClass_PASS10_details')">browserSetup()</a>
               </td>
               <td nowrap="true">12:15:54</td>
               <td nowrap="true" align="right">11s
                  
               </td>
               <td nowrap="true">
                   
                  
               </td>
            </tr>
            <tr>
               <td colspan="4" class="detailsBox">
                  <div id="pagestest.DataDrivenTest_browserSetup_byClass_PASS10_details"
                       class="testMethodDetails">
                     <div>
                        <b>Name: </b>browserSetup
                     </div>
                     <div>
                        <b>Signature: </b>browserSetup()[pri:0, instance:pagestest.DataDrivenTest@18298f]
                     </div>
                     <div>
                        <b>Start time: </b>12:15:54
                     </div>
                     <div>
                        <b>End time: </b>12:16:06
                     </div>
                     <div>
                        <b>Duration: </b>11s
                        
                     </div>
                  </div>
               </td>
            </tr>
            <tr></tr>
            <tr id="pagestest.DataDrivenTest_testLogin_byClass_FAIL11_row"
                class="testMethodStatusFAIL">
               <td width="100%" class="firstMethodCell">
                  <a onclick="toggleDetailsVisibility('pagestest.DataDrivenTest_testLogin_byClass_FAIL11_details')">testLogin(mngr355204
                     
                     ,
                     
                     Udumaty)
                  </a>
               </td>
               <td nowrap="true">12:16:06</td>
               <td nowrap="true" align="right">2s
                  
               </td>
               <td nowrap="true">
                  <a onclick="toggleDetailsVisibility('pagestest.DataDrivenTest_testLogin_byClass_FAIL11_exception')">org.openqa.selenium.UnhandledAlertException: 
                     unexpected alert open: {Alert text : User or Password is not valid}
                     (Session info: chrome=93.0.4577.82): User or Password is not valid
                     Build info: version: '3.141.59', revision: 'e82be7d358', time: '2018-11-14T08:17:03'
                     System info: host: 'PREETISH-PC', ip: '192.168.1.100', os.name: 'Windows 7', os.arch: 'x86', os.version: '6.1', java.version:
                     '1.8.0_40'
                     Driver info: org.openqa.selenium.chrome.ChromeDriver
                     Capabilities {acceptInsecureCerts: false, browserName: chrome, browserVersion: 93.0.4577.82, chrome: {chromedriverVersion:
                     92.0.4515.107 (87a818b10553..., userDataDir: C:\Users\PREETISH\AppData\L...}, goog:chromeOptions: {debuggerAddress: localhost:58764},
                     javascriptEnabled: true, networkConnectionEnabled: false, pageLoadStrategy: normal, platform: WINDOWS, platformName: WINDOWS,
                     proxy: Proxy(), setWindowRect: true, strictFileInteractability: false, timeouts: {implicit: 0, pageLoad: 300000, script: 30000},
                     unhandledPromptBehavior: dismiss and notify, webauthn:extension:credBlob: true, webauthn:extension:largeBlob: true, webauthn:virtualAuthenticators:
                     true}
                     Session ID: 0d697cfb09a9efd478962265ca976be1
                     
                  </a>
                   
                  
               </td>
            </tr>
            <tr>
               <td colspan="4" class="detailsBox">
                  <div id="pagestest.DataDrivenTest_testLogin_byClass_FAIL11_details"
                       class="testMethodDetails">
                     <div>
                        <b>Name: </b>testLogin
                     </div>
                     <div>
                        <b>Signature: </b>testLogin(java.lang.String,java.lang.String)[pri:0, instance:pagestest.DataDrivenTest@18298f]
                     </div>
                     <div>
                        <b>Parameters: </b>
                        
                        mngr355204
                        
                        ,
                        
                        Udumaty
                        
                        
                     </div>
                     <div>
                        <b>Start time: </b>12:16:06
                     </div>
                     <div>
                        <b>End time: </b>12:16:08
                     </div>
                     <div>
                        <b>Duration: </b>2s
                        
                     </div>
                  </div>
               </td>
            </tr>
            <tr>
               <td colspan="4" class="detailsBox">
                  <div id="pagestest.DataDrivenTest_testLogin_byClass_FAIL11_exception"
                       class="testMethodDetails">
                     <pre style="padding: 5px; margin: 0;">org.openqa.selenium.UnhandledAlertException: unexpected alert open: {Alert text : User or Password is not valid}
                        (Session info: chrome=93.0.4577.82): User or Password is not valid
                        Build info: version: '3.141.59', revision: 'e82be7d358', time: '2018-11-14T08:17:03'
                        System info: host: 'PREETISH-PC', ip: '192.168.1.100', os.name: 'Windows 7', os.arch: 'x86', os.version: '6.1', java.version:
                        '1.8.0_40'
                        Driver info: org.openqa.selenium.chrome.ChromeDriver
                        Capabilities {acceptInsecureCerts: false, browserName: chrome, browserVersion: 93.0.4577.82, chrome: {chromedriverVersion:
                        92.0.4515.107 (87a818b10553..., userDataDir: C:\Users\PREETISH\AppData\L...}, goog:chromeOptions: {debuggerAddress: localhost:58764},
                        javascriptEnabled: true, networkConnectionEnabled: false, pageLoadStrategy: normal, platform: WINDOWS, platformName: WINDOWS,
                        proxy: Proxy(), setWindowRect: true, strictFileInteractability: false, timeouts: {implicit: 0, pageLoad: 300000, script: 30000},
                        unhandledPromptBehavior: dismiss and notify, webauthn:extension:credBlob: true, webauthn:extension:largeBlob: true, webauthn:virtualAuthenticators:
                        true}
                        Session ID: 0d697cfb09a9efd478962265ca976be1
                        at org.openqa.selenium.remote.http.W3CHttpResponseCodec.decode(W3CHttpResponseCodec.java:120)
                        at org.openqa.selenium.remote.http.W3CHttpResponseCodec.decode(W3CHttpResponseCodec.java:49)
                        at org.openqa.selenium.remote.HttpCommandExecutor.execute(HttpCommandExecutor.java:158)
                        at org.openqa.selenium.remote.service.DriverCommandExecutor.execute(DriverCommandExecutor.java:83)
                        at org.openqa.selenium.remote.RemoteWebDriver.execute(RemoteWebDriver.java:552)
                        at org.openqa.selenium.remote.RemoteWebDriver.execute(RemoteWebDriver.java:609)
                        at org.openqa.selenium.remote.RemoteWebDriver.getScreenshotAs(RemoteWebDriver.java:295)
                        at sun.reflect.NativeMethodAccessorImpl.invoke0(Native Method)
                        at sun.reflect.NativeMethodAccessorImpl.invoke(NativeMethodAccessorImpl.java:62)
                        at sun.reflect.DelegatingMethodAccessorImpl.invoke(DelegatingMethodAccessorImpl.java:43)
                        at java.lang.reflect.Method.invoke(Method.java:497)
                        at org.openqa.selenium.support.events.EventFiringWebDriver.lambda$new$1(EventFiringWebDriver.java:105)
                        at org.openqa.selenium.support.events.EventFiringWebDriver$$Lambda$424/8207430.invoke(Unknown Source)
                        at com.sun.proxy.$Proxy8.getScreenshotAs(Unknown Source)
                        at org.openqa.selenium.support.events.EventFiringWebDriver.getScreenshotAs(EventFiringWebDriver.java:302)
                        at utility.TestUtil.takeScreenShot(TestUtil.java:33)
                        at pagestest.DataDrivenTest.testLogin(DataDrivenTest.java:48)
                        at sun.reflect.NativeMethodAccessorImpl.invoke0(Native Method)
                        at sun.reflect.NativeMethodAccessorImpl.invoke(NativeMethodAccessorImpl.java:62)
                        at sun.reflect.DelegatingMethodAccessorImpl.invoke(DelegatingMethodAccessorImpl.java:43)
                        at java.lang.reflect.Method.invoke(Method.java:497)
                        at org.testng.internal.MethodInvocationHelper.invokeMethod(MethodInvocationHelper.java:133)
                        at org.testng.internal.TestInvoker.invokeMethod(TestInvoker.java:598)
                        at org.testng.internal.TestInvoker.invokeTestMethod(TestInvoker.java:173)
                        at org.testng.internal.MethodRunner.runInSequence(MethodRunner.java:46)
                        at org.testng.internal.TestInvoker$MethodInvocationAgent.invoke(TestInvoker.java:824)
                        at org.testng.internal.TestInvoker.invokeTestMethods(TestInvoker.java:146)
                        at org.testng.internal.TestMethodWorker.invokeTestMethods(TestMethodWorker.java:146)
                        at org.testng.internal.TestMethodWorker.run(TestMethodWorker.java:128)
                        at org.testng.TestRunner$$Lambda$103/13500464.accept(Unknown Source)
                        at java.util.ArrayList.forEach(ArrayList.java:1249)
                        at org.testng.TestRunner.privateRun(TestRunner.java:794)
                        at org.testng.TestRunner.run(TestRunner.java:596)
                        at org.testng.SuiteRunner.runTest(SuiteRunner.java:377)
                        at org.testng.SuiteRunner.runSequentially(SuiteRunner.java:371)
                        at org.testng.SuiteRunner.privateRun(SuiteRunner.java:332)
                        at org.testng.SuiteRunner.run(SuiteRunner.java:276)
                        at org.testng.SuiteRunnerWorker.runSuite(SuiteRunnerWorker.java:53)
                        at org.testng.SuiteRunnerWorker.run(SuiteRunnerWorker.java:96)
                        at org.testng.TestNG.runSuitesSequentially(TestNG.java:1212)
                        at org.testng.TestNG.runSuitesLocally(TestNG.java:1134)
                        at org.testng.TestNG.runSuites(TestNG.java:1063)
                        at org.testng.TestNG.run(TestNG.java:1031)
                        at org.testng.remote.AbstractRemoteTestNG.run(AbstractRemoteTestNG.java:115)
                        at org.testng.remote.RemoteTestNG.initAndRun(RemoteTestNG.java:251)
                        at org.testng.remote.RemoteTestNG.main(RemoteTestNG.java:77)
                     </pre>
                  </div>
               </td>
            </tr>
            <tr id="pagestest.DataDrivenTest_closeBrowser_byClass_PASS12_row"
                class="testMethodStatusPASS testMethodStatusCONF">
               <td width="100%" class="firstMethodCell">
                  <a onclick="toggleDetailsVisibility('pagestest.DataDrivenTest_closeBrowser_byClass_PASS12_details')">closeBrowser()</a>
               </td>
               <td nowrap="true">12:16:08</td>
               <td nowrap="true" align="right">2s
                  
               </td>
               <td nowrap="true">
                   
                  
               </td>
            </tr>
            <tr>
               <td colspan="4" class="detailsBox">
                  <div id="pagestest.DataDrivenTest_closeBrowser_byClass_PASS12_details"
                       class="testMethodDetails">
                     <div>
                        <b>Name: </b>closeBrowser
                     </div>
                     <div>
                        <b>Signature: </b>closeBrowser()[pri:0, instance:pagestest.DataDrivenTest@18298f]
                     </div>
                     <div>
                        <b>Start time: </b>12:16:08
                     </div>
                     <div>
                        <b>End time: </b>12:16:10
                     </div>
                     <div>
                        <b>Duration: </b>2s
                        
                     </div>
                  </div>
               </td>
            </tr>
            <tr></tr>
         </table>
         <br></br>
      </div>
      <div style="margin-top: 15px; color: gray; text-align: center; font-size: 9px;">
         Generated with
         
         <a href="http://code.google.com/p/testng-xslt/" style="color: #8888aa;"
            target="_blank">
            TestNG XSLT
            
         </a>
      </div>
   </body>
</html>