<?xml version="1.0" encoding="UTF-8"?>
<testng-results skipped="0" failed="0" ignored="0" total="3" passed="3">
  <reporter-output>
  </reporter-output>
  <suite name="Testselenium" duration-ms="45429" started-at="2021-09-26T10:10:25Z" finished-at="2021-09-26T10:11:11Z">
    <groups>
    </groups>
    <test name="Test" duration-ms="45429" started-at="2021-09-26T10:10:25Z" finished-at="2021-09-26T10:11:11Z">
      <class name="pagestest.AdminLogintest">
        <test-method status="PASS" signature="setUp()[pri:0, instance:pagestest.AdminLogintest@6af2c4]" name="setUp" is-config="true" duration-ms="14332" started-at="2021-09-26T10:10:26Z" finished-at="2021-09-26T10:10:40Z">
          <reporter-output>
          </reporter-output>
        </test-method> <!-- setUp -->
        <test-method status="PASS" signature="checkingLink()[pri:0, instance:pagestest.AdminLogintest@6af2c4]" name="checkingLink" duration-ms="596" started-at="2021-09-26T10:10:40Z" finished-at="2021-09-26T10:10:41Z">
          <reporter-output>
          </reporter-output>
        </test-method> <!-- checkingLink -->
        <test-method status="PASS" signature="teardown()[pri:0, instance:pagestest.AdminLogintest@6af2c4]" name="teardown" is-config="true" duration-ms="420" started-at="2021-09-26T10:10:41Z" finished-at="2021-09-26T10:10:41Z">
          <reporter-output>
          </reporter-output>
        </test-method> <!-- teardown -->
        <test-method status="PASS" signature="setUp()[pri:0, instance:pagestest.AdminLogintest@6af2c4]" name="setUp" is-config="true" duration-ms="11867" started-at="2021-09-26T10:10:42Z" finished-at="2021-09-26T10:10:53Z">
          <reporter-output>
          </reporter-output>
        </test-method> <!-- setUp -->
        <test-method status="PASS" signature="checkingLogo()[pri:0, instance:pagestest.AdminLogintest@6af2c4]" name="checkingLogo" duration-ms="332" started-at="2021-09-26T10:10:53Z" finished-at="2021-09-26T10:10:54Z">
          <reporter-output>
          </reporter-output>
        </test-method> <!-- checkingLogo -->
        <test-method status="PASS" signature="teardown()[pri:0, instance:pagestest.AdminLogintest@6af2c4]" name="teardown" is-config="true" duration-ms="97" started-at="2021-09-26T10:10:54Z" finished-at="2021-09-26T10:10:54Z">
          <reporter-output>
          </reporter-output>
        </test-method> <!-- teardown -->
        <test-method status="PASS" signature="setUp()[pri:0, instance:pagestest.AdminLogintest@6af2c4]" name="setUp" is-config="true" duration-ms="11655" started-at="2021-09-26T10:10:54Z" finished-at="2021-09-26T10:11:06Z">
          <reporter-output>
          </reporter-output>
        </test-method> <!-- setUp -->
        <test-method status="PASS" signature="logincredential()[pri:0, instance:pagestest.AdminLogintest@6af2c4]" name="logincredential" duration-ms="5090" started-at="2021-09-26T10:11:06Z" finished-at="2021-09-26T10:11:11Z">
          <reporter-output>
          </reporter-output>
        </test-method> <!-- logincredential -->
        <test-method status="PASS" signature="teardown()[pri:0, instance:pagestest.AdminLogintest@6af2c4]" name="teardown" is-config="true" duration-ms="106" started-at="2021-09-26T10:11:11Z" finished-at="2021-09-26T10:11:11Z">
          <reporter-output>
          </reporter-output>
        </test-method> <!-- teardown -->
      </class> <!-- pagestest.AdminLogintest -->
    </test> <!-- Test -->
  </suite> <!-- Testselenium -->
</testng-results>
