<?xml version="1.0" encoding="UTF-8"?>
<testng-results skipped="0" failed="0" ignored="0" total="3" passed="3">
  <reporter-output>
  </reporter-output>
  <suite name="Testselenium" duration-ms="29853" started-at="2021-09-26T15:59:24 IST" finished-at="2021-09-26T15:59:54 IST">
    <groups>
    </groups>
    <test name="Test" duration-ms="29853" started-at="2021-09-26T15:59:24 IST" finished-at="2021-09-26T15:59:54 IST">
      <class name="pagestest.AdminLogintest">
        <test-method status="PASS" signature="setUp()[pri:0, instance:pagestest.AdminLogintest@145df59]" name="setUp" is-config="true" duration-ms="8261" started-at="2021-09-26T15:59:24 IST" finished-at="2021-09-26T15:59:32 IST">
          <reporter-output>
          </reporter-output>
        </test-method> <!-- setUp -->
        <test-method status="PASS" signature="checkingLink()[pri:0, instance:pagestest.AdminLogintest@145df59]" name="checkingLink" duration-ms="110" started-at="2021-09-26T15:59:32 IST" finished-at="2021-09-26T15:59:32 IST">
          <reporter-output>
          </reporter-output>
        </test-method> <!-- checkingLink -->
        <test-method status="PASS" signature="teardown()[pri:0, instance:pagestest.AdminLogintest@145df59]" name="teardown" is-config="true" duration-ms="295" started-at="2021-09-26T15:59:33 IST" finished-at="2021-09-26T15:59:33 IST">
          <reporter-output>
          </reporter-output>
        </test-method> <!-- teardown -->
        <test-method status="PASS" signature="setUp()[pri:0, instance:pagestest.AdminLogintest@145df59]" name="setUp" is-config="true" duration-ms="7244" started-at="2021-09-26T15:59:33 IST" finished-at="2021-09-26T15:59:40 IST">
          <reporter-output>
          </reporter-output>
        </test-method> <!-- setUp -->
        <test-method status="PASS" signature="checkingLogo()[pri:0, instance:pagestest.AdminLogintest@145df59]" name="checkingLogo" duration-ms="125" started-at="2021-09-26T15:59:40 IST" finished-at="2021-09-26T15:59:40 IST">
          <reporter-output>
          </reporter-output>
        </test-method> <!-- checkingLogo -->
        <test-method status="PASS" signature="teardown()[pri:0, instance:pagestest.AdminLogintest@145df59]" name="teardown" is-config="true" duration-ms="97" started-at="2021-09-26T15:59:40 IST" finished-at="2021-09-26T15:59:40 IST">
          <reporter-output>
          </reporter-output>
        </test-method> <!-- teardown -->
        <test-method status="PASS" signature="setUp()[pri:0, instance:pagestest.AdminLogintest@145df59]" name="setUp" is-config="true" duration-ms="6566" started-at="2021-09-26T15:59:40 IST" finished-at="2021-09-26T15:59:47 IST">
          <reporter-output>
          </reporter-output>
        </test-method> <!-- setUp -->
        <test-method status="PASS" signature="logincredential()[pri:0, instance:pagestest.AdminLogintest@145df59]" name="logincredential" duration-ms="4652" started-at="2021-09-26T15:59:47 IST" finished-at="2021-09-26T15:59:52 IST">
          <reporter-output>
          </reporter-output>
        </test-method> <!-- logincredential -->
        <test-method status="PASS" signature="teardown()[pri:0, instance:pagestest.AdminLogintest@145df59]" name="teardown" is-config="true" duration-ms="2223" started-at="2021-09-26T15:59:52 IST" finished-at="2021-09-26T15:59:54 IST">
          <reporter-output>
          </reporter-output>
        </test-method> <!-- teardown -->
        <test-method status="PASS" signature="generateReport()[pri:0, instance:pagestest.AdminLogintest@145df59]" name="generateReport" is-config="true" duration-ms="15445" started-at="2021-09-26T15:59:54 IST" finished-at="2021-09-26T16:00:09 IST">
          <reporter-output>
          </reporter-output>
        </test-method> <!-- generateReport -->
      </class> <!-- pagestest.AdminLogintest -->
    </test> <!-- Test -->
  </suite> <!-- Testselenium -->
</testng-results>
